Drill report for ARX.kicad_pcb
Created on 2024-11-07T21:27:09-0500

Copper Layer Stackup:
    =============================================================
    L1 :  F.Cu                      front
    L2 :  In1.Cu                    in1
    L3 :  In2.Cu                    in2
    L4 :  In3.Cu                    in3
    L5 :  In4.Cu                    in4
    L6 :  B.Cu                      back


Drill file 'ARX-PTH.drl' contains
    plated through holes:
    =============================================================
    T1  0.300mm  0.0118"  (190 holes)
    T2  0.330mm  0.0130"  (720 holes)
    T3  0.400mm  0.0157"  (3259 holes)
    T4  0.400mm  0.0157"  (408 holes)
    T5  0.840mm  0.0331"  (180 holes)
    T6  1.000mm  0.0394"  (58 holes)
    T7  1.194mm  0.0470"  (4 holes)
    T8  1.780mm  0.0701"  (28 holes)
    T9  3.000mm  0.1181"  (4 holes)
    T10  3.500mm  0.1378"  (8 holes)
    T11  5.080mm  0.2000"  (64 holes)
    T12  6.299mm  0.2480"  (4 holes)

    Total plated holes count 4927


Drill file 'ARX-NPTH.drl' contains
    unplated through holes:
    =============================================================

    Total unplated holes count 0
